<?xml version="1.0" encoding="UTF-8"?>
<testsuite xmlns:xsi="http://www.w3.org/2001/XMLSchema-instance" xsi:noNamespaceSchemaLocation="https://maven.apache.org/surefire/maven-surefire-plugin/xsd/surefire-test-report.xsd" name="com.webcheckers.ui.PostSignInRouteTest" time="0.016" tests="3" errors="0" skipped="0" failures="0">
  <properties>
[...]
</properties>
  <testcase name="validSignIn" classname="com.webcheckers.ui.PostSignInRouteTest" time="0"/>
  <testcase name="alreadySignedIn" classname="com.webcheckers.ui.PostSignInRouteTest" time="0"/>
  <testcase name="invalidSignIn" classname="com.webcheckers.ui.PostSignInRouteTest" time="0.016"/>
</testsuite>